{
    "target": "/home/andi/code/c/ZDK/ZDX/libZDX.so",
    "sources": {
        "/home/andi/code/c/ZDK/ZDX/ZDX_Data.c": {
            "handle": [
                "gcc"
            ]
        },
        "/home/andi/code/c/ZDK/ZDX/ZDX_Diagram.c": {
            "handle": [
                "gcc"
            ]
        },
        "/home/andi/code/c/ZDK/ZDX/ZDX_Interface.c": {
            "handle": [
                "gcc"
            ]
        },
        "/home/andi/code/c/ZDK/ZDX/ZDX.c": {
            "handle": [
                "gcc"
            ]
        }
    },
    "include": [
        "/home/andi/code/c/ZDK/ZTM",
        "/home/andi/code/c/ZDK/ZTL"
    ],
    "link": {
        "handle": [
            "gcc"
        ],
        "lib": [
            "ZTM",
            "ZTL"
        ]
    },
    "flag": {
        "extra": {
            "shared": [
                "-fPIC"
            ],
            "linker": [
                "-shared"
            ]
        }
    },
    "zmake": "250906",
    "host": {
        "['date']": [
            "2025-09-06T17:06:22 CEST"
        ],
        "['zmake', '--version']": [
            "zmake-v250906"
        ],
        "['neofetch', '--stdout']": [
            "andi@ztk-dt-andi ",
            "---------------- ",
            "OS: LMDE 6 (faye) x86_64 ",
            "Kernel: 6.12.38+deb12-rt-amd64 ",
            "Uptime: 6 hours, 39 mins ",
            "Packages: 3173 (dpkg), 51 (flatpak) ",
            "Shell: bash 5.2.15 ",
            "Resolution: 1920x1080 ",
            "DE: Cinnamon 6.4.8 ",
            "WM: Mutter (Muffin) ",
            "WM Theme: Mint-Y-Dark-Red (Mint-Y) ",
            "Theme: Mint-Y-Dark-Red [GTK2/3] ",
            "Icons: Mint-Y-Yaru [GTK2/3] ",
            "Terminal: gnome-terminal ",
            "CPU: AMD Ryzen 7 5700X3D (16) @ 4.149GHz ",
            "GPU: AMD ATI Radeon RX 7700 XT / 7800 XT ",
            "Memory: 2684MiB / 15918MiB "
        ],
        "['gcc', '--version']": [
            "gcc (Debian 12.2.0-14+deb12u1) 12.2.0",
            "Copyright (C) 2022 Free Software Foundation, Inc.",
            "This is free software; see the source for copying conditions.  There is NO",
            "warranty; not even for MERCHANTABILITY or FITNESS FOR A PARTICULAR PURPOSE."
        ],
        "['g++', '--version']": [
            "g++ (Debian 12.2.0-14+deb12u1) 12.2.0",
            "Copyright (C) 2022 Free Software Foundation, Inc.",
            "This is free software; see the source for copying conditions.  There is NO",
            "warranty; not even for MERCHANTABILITY or FITNESS FOR A PARTICULAR PURPOSE."
        ]
    },
    "commands": {
        "compile": [
            [
                "gcc",
                "-O3",
                "-flto",
                "-fexpensive-optimizations",
                "-fPIC",
                "-Wfatal-errors",
                "-Werror",
                "-Wall",
                "-Wextra",
                "-I/home/andi/code/c/ZDK/ZTM",
                "-I/home/andi/code/c/ZDK/ZTL",
                "-c",
                "/home/andi/code/c/ZDK/ZDX/ZDX_Data.c",
                "-o",
                "/home/andi/code/c/ZDK/ZDX/ZDX_Data.c.o"
            ],
            [
                "gcc",
                "-O3",
                "-flto",
                "-fexpensive-optimizations",
                "-fPIC",
                "-Wfatal-errors",
                "-Werror",
                "-Wall",
                "-Wextra",
                "-I/home/andi/code/c/ZDK/ZTM",
                "-I/home/andi/code/c/ZDK/ZTL",
                "-c",
                "/home/andi/code/c/ZDK/ZDX/ZDX_Diagram.c",
                "-o",
                "/home/andi/code/c/ZDK/ZDX/ZDX_Diagram.c.o"
            ],
            [
                "gcc",
                "-O3",
                "-flto",
                "-fexpensive-optimizations",
                "-fPIC",
                "-Wfatal-errors",
                "-Werror",
                "-Wall",
                "-Wextra",
                "-I/home/andi/code/c/ZDK/ZTM",
                "-I/home/andi/code/c/ZDK/ZTL",
                "-c",
                "/home/andi/code/c/ZDK/ZDX/ZDX_Interface.c",
                "-o",
                "/home/andi/code/c/ZDK/ZDX/ZDX_Interface.c.o"
            ],
            [
                "gcc",
                "-O3",
                "-flto",
                "-fexpensive-optimizations",
                "-fPIC",
                "-Wfatal-errors",
                "-Werror",
                "-Wall",
                "-Wextra",
                "-I/home/andi/code/c/ZDK/ZTM",
                "-I/home/andi/code/c/ZDK/ZTL",
                "-c",
                "/home/andi/code/c/ZDK/ZDX/ZDX.c",
                "-o",
                "/home/andi/code/c/ZDK/ZDX/ZDX.c.o"
            ]
        ],
        "link": [
            [
                "gcc",
                "/home/andi/code/c/ZDK/ZDX/ZDX_Data.c.o",
                "/home/andi/code/c/ZDK/ZDX/ZDX_Diagram.c.o",
                "/home/andi/code/c/ZDK/ZDX/ZDX_Interface.c.o",
                "/home/andi/code/c/ZDK/ZDX/ZDX.c.o",
                "-o",
                "/home/andi/code/c/ZDK/ZDX/libZDX.so",
                "-O3",
                "-flto",
                "-s",
                "-fPIC",
                "-shared",
                "-L/home/andi/code/c/ZDK/ZTM",
                "-L/home/andi/code/c/ZDK/ZTL",
                "-lZTM",
                "-lZTL"
            ]
        ],
        "clean": [
            [
                "rm",
                "/home/andi/code/c/ZDK/ZDX/ZDX_Data.c.o",
                "/home/andi/code/c/ZDK/ZDX/ZDX_Diagram.c.o",
                "/home/andi/code/c/ZDK/ZDX/ZDX_Interface.c.o",
                "/home/andi/code/c/ZDK/ZDX/ZDX.c.o"
            ]
        ],
        "finish": []
    },
    "sign": {
        "['md5sum', '/home/andi/code/c/ZDK/ZDX/libZDX.so']": [
            "f75729047ab297300df15962afcdac8f"
        ],
        "['sha1sum', '/home/andi/code/c/ZDK/ZDX/libZDX.so']": [
            "17aa1196a8ae8644d0d0c021fb360c420575fc6f"
        ],
        "['sha256sum', '/home/andi/code/c/ZDK/ZDX/libZDX.so']": [
            "b2e939b3fc2731e69fca6f3ceaef6bebadee1a0fcf784f3ff5018badcb1f8f70"
        ]
    }
}