{
    "target": "/home/andi/code/c/ZDK/ZTL/libZTL.so",
    "sources": {
        "/home/andi/code/c/ZDK/ZTL/ZTL__LINUX.c": {
            "handle": "gcc"
        },
        "/home/andi/code/c/ZDK/ZTL/ZTL__Runtime.c": {
            "handle": "gcc"
        },
        "/home/andi/code/c/ZDK/ZTL/ZTL.c": {
            "handle": "gcc"
        }
    },
    "include": [
        "/home/andi/code/c/ZDK/ZTM"
    ],
    "link": [
        "ZTM"
    ],
    "flag": {
        "extra": {
            "shared": [
                "-fPIC"
            ],
            "linker": [
                "-shared"
            ]
        }
    },
    "zmake": "250830",
    "host": {
        "['date']": [
            "2025-08-31T18:28:50 CEST"
        ],
        "['zmake', '--version']": [
            "zmake-wrn: version",
            "250830"
        ],
        "['neofetch', '--stdout']": [
            "andi@ztk-dt-andi ",
            "---------------- ",
            "OS: LMDE 6 (faye) x86_64 ",
            "Kernel: 6.12.38+deb12-rt-amd64 ",
            "Uptime: 1 day, 8 hours, 38 mins ",
            "Packages: 3167 (dpkg), 47 (flatpak) ",
            "Shell: bash 5.2.15 ",
            "Resolution: 1920x1080 ",
            "DE: Cinnamon 6.4.8 ",
            "WM: Mutter (Muffin) ",
            "WM Theme: Mint-Y-Dark-Red (Mint-Y) ",
            "Theme: Mint-Y-Dark-Red [GTK2/3] ",
            "Icons: Mint-Y-Yaru [GTK2/3] ",
            "Terminal: gnome-terminal ",
            "CPU: AMD Ryzen 7 5700X3D (16) @ 4.149GHz ",
            "GPU: AMD ATI Radeon RX 470/480/570/570X/580/580X/590 ",
            "Memory: 1926MiB / 15918MiB "
        ],
        "['gcc', '--version']": [
            "gcc (Debian 12.2.0-14+deb12u1) 12.2.0",
            "Copyright (C) 2022 Free Software Foundation, Inc.",
            "This is free software; see the source for copying conditions.  There is NO",
            "warranty; not even for MERCHANTABILITY or FITNESS FOR A PARTICULAR PURPOSE."
        ],
        "['g++', '--version']": [
            "g++ (Debian 12.2.0-14+deb12u1) 12.2.0",
            "Copyright (C) 2022 Free Software Foundation, Inc.",
            "This is free software; see the source for copying conditions.  There is NO",
            "warranty; not even for MERCHANTABILITY or FITNESS FOR A PARTICULAR PURPOSE."
        ]
    },
    "commands": {
        "compile": [
            [
                "gcc",
                "-fexpensive-optimizations",
                "-flto",
                "-O3",
                "-fPIC",
                "-Wfatal-errors",
                "-Werror",
                "-Wall",
                "-Wextra",
                "-I/home/andi/code/c/ZDK/ZTM",
                "-c",
                "/home/andi/code/c/ZDK/ZTL/ZTL__LINUX.c",
                "-o",
                "/home/andi/code/c/ZDK/ZTL/ZTL__LINUX.c.o"
            ],
            [
                "gcc",
                "-fexpensive-optimizations",
                "-flto",
                "-O3",
                "-fPIC",
                "-Wfatal-errors",
                "-Werror",
                "-Wall",
                "-Wextra",
                "-I/home/andi/code/c/ZDK/ZTM",
                "-c",
                "/home/andi/code/c/ZDK/ZTL/ZTL__Runtime.c",
                "-o",
                "/home/andi/code/c/ZDK/ZTL/ZTL__Runtime.c.o"
            ],
            [
                "gcc",
                "-fexpensive-optimizations",
                "-flto",
                "-O3",
                "-fPIC",
                "-Wfatal-errors",
                "-Werror",
                "-Wall",
                "-Wextra",
                "-I/home/andi/code/c/ZDK/ZTM",
                "-c",
                "/home/andi/code/c/ZDK/ZTL/ZTL.c",
                "-o",
                "/home/andi/code/c/ZDK/ZTL/ZTL.c.o"
            ]
        ],
        "link": [
            [
                "gcc",
                "/home/andi/code/c/ZDK/ZTL/ZTL__LINUX.c.o",
                "/home/andi/code/c/ZDK/ZTL/ZTL__Runtime.c.o",
                "/home/andi/code/c/ZDK/ZTL/ZTL.c.o",
                "-o",
                "/home/andi/code/c/ZDK/ZTL/libZTL.so",
                "-flto",
                "-O3",
                "-s",
                "-fPIC",
                "-shared",
                "-lZTM",
                "-L/home/andi/code/c/ZDK/ZTM"
            ]
        ],
        "clean": [
            [
                "rm",
                "/home/andi/code/c/ZDK/ZTL/ZTL__LINUX.c.o",
                "/home/andi/code/c/ZDK/ZTL/ZTL__Runtime.c.o",
                "/home/andi/code/c/ZDK/ZTL/ZTL.c.o"
            ]
        ],
        "finish": []
    },
    "objects": {
        "/home/andi/code/c/ZDK/ZTL/ZTL__LINUX.c.o": {
            "handle": "gcc"
        },
        "/home/andi/code/c/ZDK/ZTL/ZTL__Runtime.c.o": {
            "handle": "gcc"
        },
        "/home/andi/code/c/ZDK/ZTL/ZTL.c.o": {
            "handle": "gcc"
        }
    },
    "sign": {
        "['md5sum', '/home/andi/code/c/ZDK/ZTL/libZTL.so']": [
            "7da69d412a48db0e2c05cc979ae492df"
        ],
        "['sha1sum', '/home/andi/code/c/ZDK/ZTL/libZTL.so']": [
            "07cf6d28f04b0ad6f6cf3f94d8973418f129a7e0"
        ],
        "['sha256sum', '/home/andi/code/c/ZDK/ZTL/libZTL.so']": [
            "0562ca2bfa1e18720eb63da4c960e20a631a23c11c7d1a8e5076bddfe3ae1c99"
        ]
    }
}