{
    "target": "/home/andi/code/c/ZDK/ZTX/libZTX.so",
    "sources": {
        "/home/andi/code/c/ZDK/ZTX/ZTX-zlib.c": {
            "handle": [
                "gcc"
            ]
        },
        "/home/andi/code/c/ZDK/ZTX/ZTX-libjpeg.c": {
            "handle": [
                "gcc"
            ]
        },
        "/home/andi/code/c/ZDK/ZTX/ZTX-libpng.c": {
            "handle": [
                "gcc"
            ]
        },
        "/home/andi/code/c/ZDK/ZTX/ZTX-RT.c": {
            "handle": [
                "gcc"
            ]
        }
    },
    "include": [
        "/home/andi/code/c/ZDK/ZTM",
        "/home/andi/code/c/ZDK/ZTL"
    ],
    "link": {
        "handle": [
            "gcc"
        ],
        "lib": [
            "ZTM",
            "ZTL",
            "z",
            "png",
            "jpeg"
        ]
    },
    "flag": {
        "extra": {
            "shared": [
                "-fPIC"
            ],
            "linker": [
                "-shared"
            ]
        }
    },
    "zmake": "250917",
    "host": {
        "['date']": [
            "2025-09-20T19:21:14 CEST"
        ],
        "['zmake', '--version']": [
            "zmake-v250917"
        ],
        "['neofetch', '--stdout', '--disable', 'uptime']": [
            "andi@ztk-dt-andi ",
            "---------------- ",
            "OS: LMDE 6 (faye) x86_64 ",
            "Kernel: 6.12.43+deb12-rt-amd64 ",
            "Packages: 3170 (dpkg), 52 (flatpak) ",
            "Shell: bash 5.2.15 ",
            "Resolution: 1920x1080 ",
            "DE: Cinnamon 6.4.8 ",
            "WM: Mutter (Muffin) ",
            "WM Theme: Mint-L-Dark-Sand (Mint-Y) ",
            "Theme: Mint-L-Dark-Sand [GTK2/3] ",
            "Icons: Mint-X-Yellow [GTK2/3] ",
            "Terminal: gnome-terminal ",
            "CPU: AMD Ryzen 7 5700X3D (16) @ 4.149GHz ",
            "GPU: AMD ATI Radeon RX 7700 XT / 7800 XT ",
            "Memory: 2328MiB / 15918MiB "
        ],
        "['gcc', '--version']": [
            "gcc (Debian 12.2.0-14+deb12u1) 12.2.0",
            "Copyright (C) 2022 Free Software Foundation, Inc.",
            "This is free software; see the source for copying conditions.  There is NO",
            "warranty; not even for MERCHANTABILITY or FITNESS FOR A PARTICULAR PURPOSE."
        ],
        "['g++', '--version']": [
            "g++ (Debian 12.2.0-14+deb12u1) 12.2.0",
            "Copyright (C) 2022 Free Software Foundation, Inc.",
            "This is free software; see the source for copying conditions.  There is NO",
            "warranty; not even for MERCHANTABILITY or FITNESS FOR A PARTICULAR PURPOSE."
        ]
    },
    "commands": {
        "compile": [
            [
                "gcc",
                "-O3",
                "-flto",
                "-fPIC",
                "-Wfatal-errors",
                "-Werror",
                "-Wall",
                "-Wextra",
                "-I/home/andi/code/c/ZDK/ZTM",
                "-I/home/andi/code/c/ZDK/ZTL",
                "-c",
                "/home/andi/code/c/ZDK/ZTX/ZTX-zlib.c",
                "-o",
                "/home/andi/code/c/ZDK/ZTX/ZTX-zlib.c.o"
            ],
            [
                "gcc",
                "-O3",
                "-flto",
                "-fPIC",
                "-Wfatal-errors",
                "-Werror",
                "-Wall",
                "-Wextra",
                "-I/home/andi/code/c/ZDK/ZTM",
                "-I/home/andi/code/c/ZDK/ZTL",
                "-c",
                "/home/andi/code/c/ZDK/ZTX/ZTX-libjpeg.c",
                "-o",
                "/home/andi/code/c/ZDK/ZTX/ZTX-libjpeg.c.o"
            ],
            [
                "gcc",
                "-O3",
                "-flto",
                "-fPIC",
                "-Wfatal-errors",
                "-Werror",
                "-Wall",
                "-Wextra",
                "-I/home/andi/code/c/ZDK/ZTM",
                "-I/home/andi/code/c/ZDK/ZTL",
                "-c",
                "/home/andi/code/c/ZDK/ZTX/ZTX-libpng.c",
                "-o",
                "/home/andi/code/c/ZDK/ZTX/ZTX-libpng.c.o"
            ],
            [
                "gcc",
                "-O3",
                "-flto",
                "-fPIC",
                "-Wfatal-errors",
                "-Werror",
                "-Wall",
                "-Wextra",
                "-I/home/andi/code/c/ZDK/ZTM",
                "-I/home/andi/code/c/ZDK/ZTL",
                "-c",
                "/home/andi/code/c/ZDK/ZTX/ZTX-RT.c",
                "-o",
                "/home/andi/code/c/ZDK/ZTX/ZTX-RT.c.o"
            ]
        ],
        "link": [
            [
                "gcc",
                "/home/andi/code/c/ZDK/ZTX/ZTX-zlib.c.o",
                "/home/andi/code/c/ZDK/ZTX/ZTX-libjpeg.c.o",
                "/home/andi/code/c/ZDK/ZTX/ZTX-libpng.c.o",
                "/home/andi/code/c/ZDK/ZTX/ZTX-RT.c.o",
                "-o",
                "/home/andi/code/c/ZDK/ZTX/libZTX.so",
                "-O3",
                "-flto",
                "-s",
                "-fPIC",
                "-shared",
                "-L/home/andi/code/c/ZDK/ZTM",
                "-L/home/andi/code/c/ZDK/ZTL",
                "-lZTM",
                "-lZTL",
                "-lz",
                "-lpng",
                "-ljpeg"
            ]
        ],
        "clean": [
            [
                "rm",
                "/home/andi/code/c/ZDK/ZTX/ZTX-zlib.c.o",
                "/home/andi/code/c/ZDK/ZTX/ZTX-libjpeg.c.o",
                "/home/andi/code/c/ZDK/ZTX/ZTX-libpng.c.o",
                "/home/andi/code/c/ZDK/ZTX/ZTX-RT.c.o"
            ]
        ],
        "finish": []
    },
    "sign": {
        "['md5sum', '/home/andi/code/c/ZDK/ZTX/libZTX.so']": [
            "df2f73b7fd0073f523ad56ff84d85fa8"
        ],
        "['sha1sum', '/home/andi/code/c/ZDK/ZTX/libZTX.so']": [
            "892e752779acf50ed7b11d6024a8cd074e6ab37d"
        ],
        "['sha256sum', '/home/andi/code/c/ZDK/ZTX/libZTX.so']": [
            "a0e9db2291de08f874e35b91426428de371ca73aeab447949e9e41ab4fc1eb13"
        ]
    }
}